0 silly argv {
0 silly argv   _: [ 'exec' ],
0 silly argv   scope: '@thothai/thoth-core',
0 silly argv   args: [],
0 silly argv   '--': [ 'yarn', 'start' ],
0 silly argv   lernaVersion: '4.0.0',
0 silly argv   '$0': 'node_modules/.bin/lerna'
0 silly argv }
1 notice cli v4.0.0
2 verbose rootPath /home/beast/Documents/GitHub/nothing-thoth
3 error JSONError: Expected double-quoted property name in JSON at position 172 while parsing '{  "name": "@thothai/thoth-sharedb",  ' in packages/sharedb/package.json
3 error
3 error [0m [90m  7 |[39m   [32m"scripts"[39m[33m:[39m {[0m
3 error [0m [90m  8 |[39m     [32m"start"[39m[33m:[39m [32m"nodemon index.ts"[39m[33m,[39m[0m
3 error [0m[31m[1m>[22m[39m[90m  9 |[39m   }[33m,[39m[0m
3 error [0m [90m    |[39m   [31m[1m^[22m[39m[0m
3 error [0m [90m 10 |[39m   [32m"keywords"[39m[33m:[39m [][33m,[39m[0m
3 error [0m [90m 11 |[39m   [32m"author"[39m[33m:[39m [32m""[39m[33m,[39m[0m
3 error [0m [90m 12 |[39m   [32m"license"[39m[33m:[39m [32m"ISC"[39m[33m,[39m[0m
3 error
3 error     at parseJson (/home/beast/Documents/GitHub/nothing-thoth/node_modules/parse-json/index.js:29:21)
3 error     at parse (/home/beast/Documents/GitHub/nothing-thoth/node_modules/@lerna/project/node_modules/load-json-file/index.js:15:9)
3 error     at module.exports (/home/beast/Documents/GitHub/nothing-thoth/node_modules/@lerna/project/node_modules/load-json-file/index.js:18:47)
